<?xml version="1.0" encoding="UTF-8"?>
<!-- Generated by org.testng.reporters.JUnitReportReporter -->
<testsuite hostname="TestAver" failures="0" tests="2" name="gitHubTests.CreateRepository" time="4.392" errors="0" timestamp="2023-07-02T12:07:00 IST" skipped="1">
  <testcase classname="gitHubTests.CreateRepository" name="CreateRepoDynamic" time="4.392"/>
  <system-out/>
  <testcase classname="gitHubTests.CreateRepository" name="createRepository">
    <skipped/>
  </testcase> <!-- createRepository -->
  <system-out/>
</testsuite> <!-- gitHubTests.CreateRepository -->
